08-12-2022 02:14:00	This log contains information about the import schema operation into project 'data' on computer 'HARIKRISHNAN' by user 'Harik'.
08-12-2022 02:14:00	Import of database schema has started.
08-12-2022 02:14:08	Gathering database credentials
08-12-2022 02:14:08	Gathering database options
08-12-2022 02:14:08	Gathering generic database scoped configuration option
08-12-2022 02:14:08	Gathering users
08-12-2022 02:14:08	Gathering roles
08-12-2022 02:14:08	Gathering application roles
08-12-2022 02:14:08	Gathering role memberships
08-12-2022 02:14:08	Gathering filegroups
08-12-2022 02:14:08	Gathering full-text catalogs
08-12-2022 02:14:08	Gathering assemblies
08-12-2022 02:14:08	Gathering certificates
08-12-2022 02:14:08	Gathering asymmetric keys
08-12-2022 02:14:08	Gathering symmetric keys
08-12-2022 02:14:08	Gathering encrypted symmetric keys
08-12-2022 02:14:08	Gathering schemas
08-12-2022 02:14:08	Gathering XML schema collections
08-12-2022 02:14:08	Gathering user-defined data types
08-12-2022 02:14:08	Gathering user-defined types
08-12-2022 02:14:08	Gathering table types
08-12-2022 02:14:08	Gathering unique keys for table types
08-12-2022 02:14:08	Gathering primary keys for table types
08-12-2022 02:14:08	Gathering indexes for table types
08-12-2022 02:14:08	Gathering check constraints for table types
08-12-2022 02:14:08	Gathering default constraints for table types
08-12-2022 02:14:08	Gathering partition functions
08-12-2022 02:14:08	Gathering partition schemes
08-12-2022 02:14:08	Gathering functions
08-12-2022 02:14:08	Gathering encrypted functions
08-12-2022 02:14:08	Gathering aggregates
08-12-2022 02:14:08	Gathering procedures
08-12-2022 02:14:08	Gathering encrypted procedures
08-12-2022 02:14:08	Gathering tables
08-12-2022 02:14:08	Gathering primary keys
08-12-2022 02:14:09	Gathering unique constraints
08-12-2022 02:14:09	Gathering foreign keys
08-12-2022 02:14:09	Gathering default constraints
08-12-2022 02:14:09	Gathering check constraints
08-12-2022 02:14:09	Gathering views
08-12-2022 02:14:09	Gathering encrypted views
08-12-2022 02:14:09	Gathering indexes
08-12-2022 02:14:09	Gathering statistics
08-12-2022 02:14:09	Gathering full-text index stoplists
08-12-2022 02:14:09	Gathering search property lists
08-12-2022 02:14:09	Gathering search properties
08-12-2022 02:14:09	Gathering full-text indexes
08-12-2022 02:14:09	Gathering column store indexes
08-12-2022 02:14:09	Gathering spatial indexes
08-12-2022 02:14:09	Gathering XML indexes
08-12-2022 02:14:09	Gathering Selective XML indexes
08-12-2022 02:14:09	Gathering encrypted triggers
08-12-2022 02:14:09	Gathering triggers
08-12-2022 02:14:09	Gathering encrypted and clr ddl triggers
08-12-2022 02:14:09	Gathering ddl triggers
08-12-2022 02:14:09	Creating edge constraints
08-12-2022 02:14:09	Gathering synonyms
08-12-2022 02:14:09	Gathering defaults
08-12-2022 02:14:09	Gathering data constraint uddt bindings
08-12-2022 02:14:09	Gathering rules
08-12-2022 02:14:09	Gathering data constraint uddt bindings
08-12-2022 02:14:09	Gathering message types
08-12-2022 02:14:09	Gathering queues
08-12-2022 02:14:09	Gathering contracts
08-12-2022 02:14:09	Gathering services
08-12-2022 02:14:09	Gathering event notifications
08-12-2022 02:14:09	Gathering remote service bindings
08-12-2022 02:14:09	Gathering broker priorities
08-12-2022 02:14:09	Gathering signatures
08-12-2022 02:14:09	Gathering data compression options
08-12-2022 02:14:09	Gathering sequence types
08-12-2022 02:14:09	Gathering security policies
08-12-2022 02:14:09	Gather column encryption keys
08-12-2022 02:14:09	Gathering column master keys
08-12-2022 02:14:09	Gathering external data sources
08-12-2022 02:14:09	Gathering external file formats
08-12-2022 02:14:09	Gathering external tables
08-12-2022 02:14:09	Gathering database permissions
08-12-2022 02:14:09	Gathering extended properties
08-12-2022 02:14:09	Gathering assemblies
08-12-2022 02:14:09	Gathering credentials
08-12-2022 02:14:09	Gathering logins
08-12-2022 02:14:09	Gathering server audits
08-12-2022 02:14:10	Scanning project for duplicate elements
08-12-2022 02:14:11	Finished duplicate element processing
08-12-2022 02:14:11	Finished importing database.
08-12-2022 02:14:11	A summary of the import was saved to the following location: C:\Users\Harik\source\repos\wf_system\data\Import Schema Logs\data_20221207084400.log
08-12-2022 02:14:11	Click Finish to continue...
